0 info it worked if it ends with ok
1 verbose cli [ '/usr/local/bin/node', '/usr/local/bin/npm', 'install' ]
2 info using npm@2.14.12
3 info using node@v4.2.4
4 verbose readDependencies loading dependencies from /Users/lijie/GAME/basketball/package.json
5 verbose install where, deps [ '/Users/lijie/GAME/basketball',
5 verbose install   [ 'phaser',
5 verbose install     'qrcode',
5 verbose install     'babelify',
5 verbose install     'browser-sync',
5 verbose install     'browserify',
5 verbose install     'del',
5 verbose install     'exorcist',
5 verbose install     'gulp',
5 verbose install     'gulp-buffer',
5 verbose install     'gulp-if',
5 verbose install     'gulp-uglify',
5 verbose install     'gulp-util',
5 verbose install     'vinyl-source-stream',
5 verbose install     'yargs' ] ]
6 verbose install where, peers [ '/Users/lijie/GAME/basketball', [] ]
7 verbose installManyTop reading for lifecycle /Users/lijie/GAME/basketball/package.json
8 info preinstall phaser-es6-boilerplate@1.0.2
9 verbose installManyTop reading scoped package data from /Users/lijie/GAME/basketball/node_modules/babelify/package.json
10 verbose installManyTop reading scoped package data from /Users/lijie/GAME/basketball/node_modules/browser-sync/package.json
11 verbose installManyTop reading scoped package data from /Users/lijie/GAME/basketball/node_modules/browserify/package.json
12 verbose installManyTop reading scoped package data from /Users/lijie/GAME/basketball/node_modules/del/package.json
13 verbose installManyTop reading scoped package data from /Users/lijie/GAME/basketball/node_modules/exorcist/package.json
14 verbose installManyTop reading scoped package data from /Users/lijie/GAME/basketball/node_modules/gulp/package.json
15 verbose installManyTop reading scoped package data from /Users/lijie/GAME/basketball/node_modules/gulp-buffer/package.json
16 verbose installManyTop reading scoped package data from /Users/lijie/GAME/basketball/node_modules/gulp-if/package.json
17 verbose installManyTop reading scoped package data from /Users/lijie/GAME/basketball/node_modules/gulp-uglify/package.json
18 verbose installManyTop reading scoped package data from /Users/lijie/GAME/basketball/node_modules/gulp-util/package.json
19 verbose installManyTop reading scoped package data from /Users/lijie/GAME/basketball/node_modules/phaser/package.json
20 verbose installManyTop reading scoped package data from /Users/lijie/GAME/basketball/node_modules/vinyl-source-stream/package.json
21 verbose installManyTop reading scoped package data from /Users/lijie/GAME/basketball/node_modules/yargs/package.json
22 info package.json exorcist@0.4.0 license should be a valid SPDX license expression
23 info package.json gulp-buffer@0.0.2 No license field.
24 info package.json gulp-if@1.2.5 No license field.
25 verbose readDependencies loading dependencies from /Users/lijie/GAME/basketball/package.json
26 verbose targetResolver reading package data from /Users/lijie/GAME/basketball/node_modules/babelify/package.json
27 verbose targetResolver reading package data from /Users/lijie/GAME/basketball/node_modules/browser-sync/package.json
28 verbose targetResolver reading package data from /Users/lijie/GAME/basketball/node_modules/browserify/package.json
29 verbose targetResolver reading package data from /Users/lijie/GAME/basketball/node_modules/del/package.json
30 verbose targetResolver reading package data from /Users/lijie/GAME/basketball/node_modules/exorcist/package.json
31 verbose targetResolver reading package data from /Users/lijie/GAME/basketball/node_modules/gulp/package.json
32 verbose targetResolver reading package data from /Users/lijie/GAME/basketball/node_modules/gulp-buffer/package.json
33 verbose targetResolver reading package data from /Users/lijie/GAME/basketball/node_modules/gulp-if/package.json
34 verbose targetResolver reading package data from /Users/lijie/GAME/basketball/node_modules/gulp-uglify/package.json
35 verbose targetResolver reading package data from /Users/lijie/GAME/basketball/node_modules/gulp-util/package.json
36 verbose targetResolver reading package data from /Users/lijie/GAME/basketball/node_modules/phaser/package.json
37 verbose targetResolver reading package data from /Users/lijie/GAME/basketball/node_modules/vinyl-source-stream/package.json
38 verbose targetResolver reading package data from /Users/lijie/GAME/basketball/node_modules/yargs/package.json
39 verbose targetResolver reading package data from /Users/lijie/GAME/basketball/node_modules/.bin/browser-sync/package.json
40 verbose targetResolver reading package data from /Users/lijie/GAME/basketball/node_modules/.bin/browserify/package.json
41 verbose targetResolver reading package data from /Users/lijie/GAME/basketball/node_modules/.bin/exorcist/package.json
42 verbose targetResolver reading package data from /Users/lijie/GAME/basketball/node_modules/.bin/gulp/package.json
43 verbose already installed skipping browser-sync@^2.8.0 /Users/lijie/GAME/basketball
44 verbose already installed skipping browserify@^11.0.0 /Users/lijie/GAME/basketball
45 verbose already installed skipping del@^1.2.0 /Users/lijie/GAME/basketball
46 verbose already installed skipping exorcist@^0.4.0 /Users/lijie/GAME/basketball
47 verbose already installed skipping gulp@^3.9.0 /Users/lijie/GAME/basketball
48 verbose already installed skipping gulp-buffer@0.0.2 /Users/lijie/GAME/basketball
49 verbose already installed skipping gulp-if@^1.2.5 /Users/lijie/GAME/basketball
50 verbose already installed skipping gulp-uglify@^1.2.0 /Users/lijie/GAME/basketball
51 verbose already installed skipping gulp-util@^3.0.6 /Users/lijie/GAME/basketball
52 verbose already installed skipping vinyl-source-stream@^1.1.0 /Users/lijie/GAME/basketball
53 verbose already installed skipping yargs@^3.16.1 /Users/lijie/GAME/basketball
54 verbose already installed skipping phaser@^2.4.8 /Users/lijie/GAME/basketball
55 silly cache add args [ 'qrcode@latest', null ]
56 verbose cache add spec qrcode@latest
57 verbose already installed skipping babelify@^6.1.3 /Users/lijie/GAME/basketball
58 silly cache add parsed spec Result {
58 silly cache add   raw: 'qrcode@latest',
58 silly cache add   scope: null,
58 silly cache add   name: 'qrcode',
58 silly cache add   rawSpec: 'latest',
58 silly cache add   spec: 'latest',
58 silly cache add   type: 'tag' }
59 silly addNamed qrcode@latest
60 verbose addNamed "latest" is being treated as a dist-tag for qrcode
61 info addNameTag [ 'qrcode', 'latest' ]
62 silly mapToRegistry name qrcode
63 silly mapToRegistry using default registry
64 silly mapToRegistry registry https://registry.npmjs.org/
65 silly mapToRegistry uri https://registry.npmjs.org/qrcode
66 verbose addNameTag registry:https://registry.npmjs.org/qrcode not in flight; fetching
67 verbose request uri https://registry.npmjs.org/qrcode
68 verbose request no auth needed
69 info attempt registry request try #1 at 17:13:05
70 verbose request id 9410a1f6fe539811
71 http request GET https://registry.npmjs.org/qrcode
72 http 200 https://registry.npmjs.org/qrcode
73 verbose headers { server: 'CouchDB/1.5.0 (Erlang OTP/R16B03)',
73 verbose headers   etag: '"DIEUD8S3B0DEFOPN8FNHMJE1V"',
73 verbose headers   'content-type': 'application/json',
73 verbose headers   'content-encoding': 'gzip',
73 verbose headers   'cache-control': 'max-age=300',
73 verbose headers   'content-length': '5517',
73 verbose headers   'accept-ranges': 'bytes',
73 verbose headers   date: 'Fri, 20 May 2016 09:13:06 GMT',
73 verbose headers   via: '1.1 varnish',
73 verbose headers   age: '0',
73 verbose headers   connection: 'keep-alive',
73 verbose headers   'x-served-by': 'cache-itm7423-ITM',
73 verbose headers   'x-cache': 'MISS',
73 verbose headers   'x-cache-hits': '0',
73 verbose headers   'x-timer': 'S1463735586.524668,VS0,VE156',
73 verbose headers   vary: 'Accept-Encoding' }
74 silly get cb [ 200,
74 silly get   { server: 'CouchDB/1.5.0 (Erlang OTP/R16B03)',
74 silly get     etag: '"DIEUD8S3B0DEFOPN8FNHMJE1V"',
74 silly get     'content-type': 'application/json',
74 silly get     'content-encoding': 'gzip',
74 silly get     'cache-control': 'max-age=300',
74 silly get     'content-length': '5517',
74 silly get     'accept-ranges': 'bytes',
74 silly get     date: 'Fri, 20 May 2016 09:13:06 GMT',
74 silly get     via: '1.1 varnish',
74 silly get     age: '0',
74 silly get     connection: 'keep-alive',
74 silly get     'x-served-by': 'cache-itm7423-ITM',
74 silly get     'x-cache': 'MISS',
74 silly get     'x-cache-hits': '0',
74 silly get     'x-timer': 'S1463735586.524668,VS0,VE156',
74 silly get     vary: 'Accept-Encoding' } ]
75 verbose get saving qrcode to /Users/lijie/.npm/registry.npmjs.org/qrcode/.cache.json
76 silly addNameTag next cb for qrcode with tag latest
77 silly addNamed qrcode@0.4.2
78 verbose addNamed "0.4.2" is a plain semver version for qrcode
79 silly mapToRegistry name qrcode
80 silly mapToRegistry using default registry
81 silly mapToRegistry registry https://registry.npmjs.org/
82 silly mapToRegistry uri https://registry.npmjs.org/qrcode
83 verbose addRemoteTarball https://registry.npmjs.org/qrcode/-/qrcode-0.4.2.tgz not in flight; adding
84 verbose addRemoteTarball [ 'https://registry.npmjs.org/qrcode/-/qrcode-0.4.2.tgz',
84 verbose addRemoteTarball   'e908a36a28a2faa9343ac32454a7d4e52ea47e68' ]
85 info retry fetch attempt 1 at 17:13:06
86 info attempt registry request try #1 at 17:13:06
87 http fetch GET https://registry.npmjs.org/qrcode/-/qrcode-0.4.2.tgz
88 http fetch 200 https://registry.npmjs.org/qrcode/-/qrcode-0.4.2.tgz
89 silly fetchAndShaCheck shasum e908a36a28a2faa9343ac32454a7d4e52ea47e68
90 verbose addTmpTarball /var/folders/98/q252mwkj0pxcqc3x1s7r3q0w0000gn/T/npm-4465-c6115ed5/registry.npmjs.org/qrcode/-/qrcode-0.4.2.tgz not in flight; adding
91 verbose addTmpTarball already have metadata; skipping unpack for qrcode@0.4.2
92 silly cache afterAdd qrcode@0.4.2
93 verbose afterAdd /Users/lijie/.npm/qrcode/0.4.2/package/package.json not in flight; writing
94 verbose afterAdd /Users/lijie/.npm/qrcode/0.4.2/package/package.json written
95 silly install resolved [ { name: 'qrcode',
95 silly install resolved     description: 'QRCode / 2d Barcode api with both server side and client side support using canvas',
95 silly install resolved     version: '0.4.2',
95 silly install resolved     author: { name: 'Ryan Day', email: 'soldair@gmail.com' },
95 silly install resolved     keywords: [ 'canvas', 'qrcode', 'barcode' ],
95 silly install resolved     main: './qrcode.js',
95 silly install resolved     browser: './lib/qrcode-draw.js',
95 silly install resolved     homepage: 'http://github.com/soldair/node-qrcode',
95 silly install resolved     scripts:
95 silly install resolved      { pretest: 'node build.js',
95 silly install resolved        prepublish: 'node build.js',
95 silly install resolved        test: 'tap test/url.js' },
95 silly install resolved     bin: { qrcode: './bin/qrcode' },
95 silly install resolved     dependencies: { canvas: '~1.3.4', colors: '*', bops: '0.0.6' },
95 silly install resolved     devDependencies:
95 silly install resolved      { express: '2.5.x',
95 silly install resolved        browserify: '~2.29.0',
95 silly install resolved        'uglify-js': '1.2.x',
95 silly install resolved        canvasutil: '*',
95 silly install resolved        tap: '*' },
95 silly install resolved     repository: { type: 'git', url: 'git://github.com/soldair/node-qrcode.git' },
95 silly install resolved     engines: { node: '>= 0.6.0' },
95 silly install resolved     gitHead: '605bcec53d64cea73e96ed9db5f64599acef6369',
95 silly install resolved     bugs: { url: 'https://github.com/soldair/node-qrcode/issues' },
95 silly install resolved     _id: 'qrcode@0.4.2',
95 silly install resolved     _shasum: 'e908a36a28a2faa9343ac32454a7d4e52ea47e68',
95 silly install resolved     _from: 'qrcode@latest',
95 silly install resolved     _npmVersion: '3.5.0',
95 silly install resolved     _nodeVersion: '4.2.1',
95 silly install resolved     _npmUser: { name: 'soldair', email: 'soldair@gmail.com' },
95 silly install resolved     dist:
95 silly install resolved      { shasum: 'e908a36a28a2faa9343ac32454a7d4e52ea47e68',
95 silly install resolved        tarball: 'https://registry.npmjs.org/qrcode/-/qrcode-0.4.2.tgz' },
95 silly install resolved     maintainers: [ [Object] ],
95 silly install resolved     directories: {},
95 silly install resolved     _resolved: 'https://registry.npmjs.org/qrcode/-/qrcode-0.4.2.tgz' } ]
96 info install qrcode@0.4.2 into /Users/lijie/GAME/basketball
97 info installOne qrcode@0.4.2
98 verbose installOne of qrcode to /Users/lijie/GAME/basketball not in flight; installing
99 verbose lock using /Users/lijie/.npm/_locks/qrcode-c6adfa223b83abde.lock for /Users/lijie/GAME/basketball/node_modules/qrcode
100 silly install write writing qrcode 0.4.2 to /Users/lijie/GAME/basketball/node_modules/qrcode
101 verbose unbuild node_modules/qrcode
102 silly gentlyRm /Users/lijie/GAME/basketball/node_modules/qrcode is being purged from base /Users/lijie/GAME/basketball
103 verbose gentlyRm don't care about contents; nuking /Users/lijie/GAME/basketball/node_modules/qrcode
104 verbose tar unpack /Users/lijie/.npm/qrcode/0.4.2/package.tgz
105 verbose tar unpacking to /Users/lijie/GAME/basketball/node_modules/qrcode
106 silly gentlyRm /Users/lijie/GAME/basketball/node_modules/qrcode is being purged
107 verbose gentlyRm don't care about contents; nuking /Users/lijie/GAME/basketball/node_modules/qrcode
108 silly gunzTarPerm modes [ '755', '644' ]
109 silly gunzTarPerm extractEntry package.json
110 silly gunzTarPerm modified mode [ 'package.json', 436, 420 ]
111 silly gunzTarPerm extractEntry .npmignore
112 silly gunzTarPerm modified mode [ '.npmignore', 436, 420 ]
113 silly gunzTarPerm extractEntry README.md
114 silly gunzTarPerm modified mode [ 'README.md', 436, 420 ]
115 silly gunzTarPerm extractEntry build.js
116 silly gunzTarPerm modified mode [ 'build.js', 436, 420 ]
117 silly gunzTarPerm extractEntry qrcode.js
118 silly gunzTarPerm modified mode [ 'qrcode.js', 436, 420 ]
119 silly gunzTarPerm extractEntry qrcodeclient.js
120 silly gunzTarPerm modified mode [ 'qrcodeclient.js', 436, 420 ]
121 silly gunzTarPerm extractEntry bin/qrcode
122 silly gunzTarPerm modified mode [ 'bin/qrcode', 509, 493 ]
123 silly gunzTarPerm extractEntry build/qrcode.js
124 silly gunzTarPerm modified mode [ 'build/qrcode.js', 436, 420 ]
125 silly gunzTarPerm extractEntry build/qrcode.min.js
126 silly gunzTarPerm modified mode [ 'build/qrcode.min.js', 436, 420 ]
127 silly gunzTarPerm extractEntry build/.g
128 silly gunzTarPerm modified mode [ 'build/.g', 436, 420 ]
129 silly gunzTarPerm extractEntry .jshintignore
130 silly gunzTarPerm modified mode [ '.jshintignore', 436, 420 ]
131 silly gunzTarPerm extractEntry lib/qrcapacitytable.js
132 silly gunzTarPerm modified mode [ 'lib/qrcapacitytable.js', 436, 420 ]
133 silly gunzTarPerm extractEntry lib/qrcode-draw.js
134 silly gunzTarPerm modified mode [ 'lib/qrcode-draw.js', 436, 420 ]
135 silly gunzTarPerm extractEntry lib/qrcode.js
136 silly gunzTarPerm modified mode [ 'lib/qrcode.js', 436, 420 ]
137 silly gunzTarPerm extractEntry lib/termialrender.js
138 silly gunzTarPerm modified mode [ 'lib/termialrender.js', 436, 420 ]
139 silly gunzTarPerm extractEntry license
140 silly gunzTarPerm modified mode [ 'license', 436, 420 ]
141 silly gunzTarPerm extractEntry test/cli.js
142 silly gunzTarPerm modified mode [ 'test/cli.js', 436, 420 ]
143 silly gunzTarPerm extractEntry test/clientsideserver.js
144 silly gunzTarPerm modified mode [ 'test/clientsideserver.js', 436, 420 ]
145 silly gunzTarPerm extractEntry test/save.js
146 silly gunzTarPerm modified mode [ 'test/save.js', 436, 420 ]
147 silly gunzTarPerm extractEntry test/server.js
148 silly gunzTarPerm modified mode [ 'test/server.js', 436, 420 ]
149 silly gunzTarPerm extractEntry test/url.js
150 silly gunzTarPerm modified mode [ 'test/url.js', 436, 420 ]
151 silly gunzTarPerm extractEntry test/clientside.html
152 silly gunzTarPerm modified mode [ 'test/clientside.html', 436, 420 ]
153 silly gunzTarPerm extractEntry test/fixtures/bacon-bikini.png
154 silly gunzTarPerm modified mode [ 'test/fixtures/bacon-bikini.png', 436, 420 ]
155 silly gunzTarPerm extractEntry test/fixtures/bacon-love.png
156 silly gunzTarPerm modified mode [ 'test/fixtures/bacon-love.png', 436, 420 ]
157 silly gunzTarPerm extractEntry .travis.yml
158 silly gunzTarPerm modified mode [ '.travis.yml', 436, 420 ]
159 silly gunzTarPerm extractEntry CONTRIBUTING.md
160 silly gunzTarPerm modified mode [ 'CONTRIBUTING.md', 436, 420 ]
161 silly gunzTarPerm extractEntry vendors/excanvas/README
162 silly gunzTarPerm modified mode [ 'vendors/excanvas/README', 436, 420 ]
163 silly gunzTarPerm extractEntry vendors/excanvas/excanvas.compiled.js
164 silly gunzTarPerm modified mode [ 'vendors/excanvas/excanvas.compiled.js', 436, 420 ]
165 silly gunzTarPerm extractEntry vendors/excanvas/excanvas.js
166 silly gunzTarPerm modified mode [ 'vendors/excanvas/excanvas.js', 436, 420 ]
167 verbose write writing to /Users/lijie/GAME/basketball/node_modules/qrcode/package.json
168 info preinstall qrcode@0.4.2
169 verbose readDependencies loading dependencies from /Users/lijie/GAME/basketball/node_modules/qrcode/package.json
170 silly prepareForInstallMany adding canvas@~1.3.4 from qrcode dependencies
171 silly prepareForInstallMany adding colors@* from qrcode dependencies
172 silly prepareForInstallMany adding bops@0.0.6 from qrcode dependencies
173 verbose readDependencies loading dependencies from /Users/lijie/GAME/basketball/node_modules/qrcode/package.json
174 silly cache add args [ 'colors@*', null ]
175 verbose cache add spec colors@*
176 silly cache add parsed spec Result {
176 silly cache add   raw: 'colors@*',
176 silly cache add   scope: null,
176 silly cache add   name: 'colors',
176 silly cache add   rawSpec: '*',
176 silly cache add   spec: '*',
176 silly cache add   type: 'range' }
177 silly addNamed colors@*
178 verbose addNamed "*" is a valid semver range for colors
179 silly addNameRange { name: 'colors', range: '*', hasData: false }
180 silly mapToRegistry name colors
181 silly mapToRegistry using default registry
182 silly mapToRegistry registry https://registry.npmjs.org/
183 silly mapToRegistry uri https://registry.npmjs.org/colors
184 verbose addNameRange registry:https://registry.npmjs.org/colors not in flight; fetching
185 silly cache add args [ 'bops@0.0.6', null ]
186 verbose cache add spec bops@0.0.6
187 silly cache add parsed spec Result {
187 silly cache add   raw: 'bops@0.0.6',
187 silly cache add   scope: null,
187 silly cache add   name: 'bops',
187 silly cache add   rawSpec: '0.0.6',
187 silly cache add   spec: '0.0.6',
187 silly cache add   type: 'version' }
188 silly addNamed bops@0.0.6
189 verbose addNamed "0.0.6" is a plain semver version for bops
190 silly mapToRegistry name bops
191 silly mapToRegistry using default registry
192 silly mapToRegistry registry https://registry.npmjs.org/
193 silly mapToRegistry uri https://registry.npmjs.org/bops
194 verbose addNameVersion registry:https://registry.npmjs.org/bops not in flight; fetching
195 silly cache add args [ 'canvas@~1.3.4', null ]
196 verbose cache add spec canvas@~1.3.4
197 silly cache add parsed spec Result {
197 silly cache add   raw: 'canvas@~1.3.4',
197 silly cache add   scope: null,
197 silly cache add   name: 'canvas',
197 silly cache add   rawSpec: '~1.3.4',
197 silly cache add   spec: '>=1.3.4 <1.4.0',
197 silly cache add   type: 'range' }
198 silly addNamed canvas@>=1.3.4 <1.4.0
199 verbose addNamed ">=1.3.4 <1.4.0" is a valid semver range for canvas
200 silly addNameRange { name: 'canvas', range: '>=1.3.4 <1.4.0', hasData: false }
201 silly mapToRegistry name canvas
202 silly mapToRegistry using default registry
203 silly mapToRegistry registry https://registry.npmjs.org/
204 silly mapToRegistry uri https://registry.npmjs.org/canvas
205 verbose addNameRange registry:https://registry.npmjs.org/canvas not in flight; fetching
206 verbose request uri https://registry.npmjs.org/bops
207 verbose request no auth needed
208 info attempt registry request try #1 at 17:13:07
209 http request GET https://registry.npmjs.org/bops
210 verbose request uri https://registry.npmjs.org/canvas
211 verbose request no auth needed
212 info attempt registry request try #1 at 17:13:07
213 http request GET https://registry.npmjs.org/canvas
214 verbose request uri https://registry.npmjs.org/colors
215 verbose request no auth needed
216 info attempt registry request try #1 at 17:13:07
217 verbose etag "8FFHUQY2FMO7NLA32B3FH2VJ4"
218 http request GET https://registry.npmjs.org/colors
219 http 200 https://registry.npmjs.org/bops
220 verbose headers { server: 'CouchDB/1.5.0 (Erlang OTP/R16B03)',
220 verbose headers   etag: '"B7D5RJLKLA5CBHDP94846U9I6"',
220 verbose headers   'content-type': 'application/json',
220 verbose headers   'content-encoding': 'gzip',
220 verbose headers   'cache-control': 'max-age=300',
220 verbose headers   'content-length': '2942',
220 verbose headers   'accept-ranges': 'bytes',
220 verbose headers   date: 'Fri, 20 May 2016 09:13:08 GMT',
220 verbose headers   via: '1.1 varnish',
220 verbose headers   age: '106',
220 verbose headers   connection: 'keep-alive',
220 verbose headers   'x-served-by': 'cache-itm7423-ITM',
220 verbose headers   'x-cache': 'HIT',
220 verbose headers   'x-cache-hits': '31',
220 verbose headers   'x-timer': 'S1463735588.382759,VS0,VE0',
220 verbose headers   vary: 'Accept-Encoding' }
221 silly get cb [ 200,
221 silly get   { server: 'CouchDB/1.5.0 (Erlang OTP/R16B03)',
221 silly get     etag: '"B7D5RJLKLA5CBHDP94846U9I6"',
221 silly get     'content-type': 'application/json',
221 silly get     'content-encoding': 'gzip',
221 silly get     'cache-control': 'max-age=300',
221 silly get     'content-length': '2942',
221 silly get     'accept-ranges': 'bytes',
221 silly get     date: 'Fri, 20 May 2016 09:13:08 GMT',
221 silly get     via: '1.1 varnish',
221 silly get     age: '106',
221 silly get     connection: 'keep-alive',
221 silly get     'x-served-by': 'cache-itm7423-ITM',
221 silly get     'x-cache': 'HIT',
221 silly get     'x-cache-hits': '31',
221 silly get     'x-timer': 'S1463735588.382759,VS0,VE0',
221 silly get     vary: 'Accept-Encoding' } ]
222 verbose get saving bops to /Users/lijie/.npm/registry.npmjs.org/bops/.cache.json
223 http 200 https://registry.npmjs.org/colors
224 verbose headers { server: 'CouchDB/1.5.0 (Erlang OTP/R16B03)',
224 verbose headers   etag: '"AJPK36E5TE8C8D16FD1I56761"',
224 verbose headers   'content-type': 'application/json',
224 verbose headers   'content-encoding': 'gzip',
224 verbose headers   'cache-control': 'max-age=300',
224 verbose headers   'content-length': '5931',
224 verbose headers   'accept-ranges': 'bytes',
224 verbose headers   date: 'Fri, 20 May 2016 09:13:08 GMT',
224 verbose headers   via: '1.1 varnish',
224 verbose headers   age: '131',
224 verbose headers   connection: 'keep-alive',
224 verbose headers   'x-served-by': 'cache-itm7421-ITM',
224 verbose headers   'x-cache': 'HIT',
224 verbose headers   'x-cache-hits': '5',
224 verbose headers   'x-timer': 'S1463735588.389452,VS0,VE0',
224 verbose headers   vary: 'Accept-Encoding' }
225 silly get cb [ 200,
225 silly get   { server: 'CouchDB/1.5.0 (Erlang OTP/R16B03)',
225 silly get     etag: '"AJPK36E5TE8C8D16FD1I56761"',
225 silly get     'content-type': 'application/json',
225 silly get     'content-encoding': 'gzip',
225 silly get     'cache-control': 'max-age=300',
225 silly get     'content-length': '5931',
225 silly get     'accept-ranges': 'bytes',
225 silly get     date: 'Fri, 20 May 2016 09:13:08 GMT',
225 silly get     via: '1.1 varnish',
225 silly get     age: '131',
225 silly get     connection: 'keep-alive',
225 silly get     'x-served-by': 'cache-itm7421-ITM',
225 silly get     'x-cache': 'HIT',
225 silly get     'x-cache-hits': '5',
225 silly get     'x-timer': 'S1463735588.389452,VS0,VE0',
225 silly get     vary: 'Accept-Encoding' } ]
226 verbose get saving colors to /Users/lijie/.npm/registry.npmjs.org/colors/.cache.json
227 silly mapToRegistry name bops
228 silly mapToRegistry using default registry
229 silly mapToRegistry registry https://registry.npmjs.org/
230 silly mapToRegistry uri https://registry.npmjs.org/bops
231 verbose addRemoteTarball https://registry.npmjs.org/bops/-/bops-0.0.6.tgz not in flight; adding
232 verbose addRemoteTarball [ 'https://registry.npmjs.org/bops/-/bops-0.0.6.tgz',
232 verbose addRemoteTarball   '082d1d55fa01e60dbdc2ebc2dba37f659554cf3a' ]
233 silly addNameRange number 2 { name: 'colors', range: '*', hasData: true }
234 silly addNameRange versions [ 'colors',
234 silly addNameRange   [ '0.3.0',
234 silly addNameRange     '0.5.0',
234 silly addNameRange     '0.5.1',
234 silly addNameRange     '0.6.0',
234 silly addNameRange     '0.6.0-1',
234 silly addNameRange     '0.6.1',
234 silly addNameRange     '0.6.2',
234 silly addNameRange     '1.0.0',
234 silly addNameRange     '1.0.1',
234 silly addNameRange     '1.0.2',
234 silly addNameRange     '1.0.3',
234 silly addNameRange     '1.1.0',
234 silly addNameRange     '1.1.1',
234 silly addNameRange     '1.1.2' ] ]
235 silly addNamed colors@1.1.2
236 verbose addNamed "1.1.2" is a plain semver version for colors
237 info retry fetch attempt 1 at 17:13:08
238 info attempt registry request try #1 at 17:13:08
239 http fetch GET https://registry.npmjs.org/bops/-/bops-0.0.6.tgz
240 silly cache afterAdd colors@1.1.2
241 verbose afterAdd /Users/lijie/.npm/colors/1.1.2/package/package.json not in flight; writing
242 verbose afterAdd /Users/lijie/.npm/colors/1.1.2/package/package.json written
243 http 200 https://registry.npmjs.org/canvas
244 verbose headers { server: 'CouchDB/1.5.0 (Erlang OTP/R16B03)',
244 verbose headers   etag: '"4D100HF398RQFEPWHK1UW253O"',
244 verbose headers   'content-type': 'application/json',
244 verbose headers   'content-encoding': 'gzip',
244 verbose headers   'cache-control': 'max-age=300',
244 verbose headers   'content-length': '16214',
244 verbose headers   'accept-ranges': 'bytes',
244 verbose headers   date: 'Fri, 20 May 2016 09:13:08 GMT',
244 verbose headers   via: '1.1 varnish',
244 verbose headers   age: '120',
244 verbose headers   connection: 'keep-alive',
244 verbose headers   'x-served-by': 'cache-itm7426-ITM',
244 verbose headers   'x-cache': 'HIT',
244 verbose headers   'x-cache-hits': '10',
244 verbose headers   'x-timer': 'S1463735588.381274,VS0,VE0',
244 verbose headers   vary: 'Accept-Encoding' }
245 silly get cb [ 200,
245 silly get   { server: 'CouchDB/1.5.0 (Erlang OTP/R16B03)',
245 silly get     etag: '"4D100HF398RQFEPWHK1UW253O"',
245 silly get     'content-type': 'application/json',
245 silly get     'content-encoding': 'gzip',
245 silly get     'cache-control': 'max-age=300',
245 silly get     'content-length': '16214',
245 silly get     'accept-ranges': 'bytes',
245 silly get     date: 'Fri, 20 May 2016 09:13:08 GMT',
245 silly get     via: '1.1 varnish',
245 silly get     age: '120',
245 silly get     connection: 'keep-alive',
245 silly get     'x-served-by': 'cache-itm7426-ITM',
245 silly get     'x-cache': 'HIT',
245 silly get     'x-cache-hits': '10',
245 silly get     'x-timer': 'S1463735588.381274,VS0,VE0',
245 silly get     vary: 'Accept-Encoding' } ]
246 verbose get saving canvas to /Users/lijie/.npm/registry.npmjs.org/canvas/.cache.json
247 silly addNameRange number 2 { name: 'canvas', range: '>=1.3.4 <1.4.0', hasData: true }
248 silly addNameRange versions [ 'canvas',
248 silly addNameRange   [ '0.0.1',
248 silly addNameRange     '0.0.2',
248 silly addNameRange     '0.0.3',
248 silly addNameRange     '0.0.4',
248 silly addNameRange     '0.0.5',
248 silly addNameRange     '0.0.6',
248 silly addNameRange     '0.0.7',
248 silly addNameRange     '0.0.8',
248 silly addNameRange     '0.1.0',
248 silly addNameRange     '0.2.0',
248 silly addNameRange     '0.2.1',
248 silly addNameRange     '0.3.0',
248 silly addNameRange     '0.3.1',
248 silly addNameRange     '0.3.2',
248 silly addNameRange     '0.3.3',
248 silly addNameRange     '0.4.0',
248 silly addNameRange     '0.4.1',
248 silly addNameRange     '0.4.2',
248 silly addNameRange     '0.4.3',
248 silly addNameRange     '0.5.0',
248 silly addNameRange     '0.5.1',
248 silly addNameRange     '0.5.2',
248 silly addNameRange     '0.5.3',
248 silly addNameRange     '0.5.4',
248 silly addNameRange     '0.6.0',
248 silly addNameRange     '0.7.0',
248 silly addNameRange     '0.7.1',
248 silly addNameRange     '0.7.2',
248 silly addNameRange     '0.7.3',
248 silly addNameRange     '0.8.0',
248 silly addNameRange     '0.8.1',
248 silly addNameRange     '0.8.2',
248 silly addNameRange     '0.8.3',
248 silly addNameRange     '0.9.0',
248 silly addNameRange     '0.10.0',
248 silly addNameRange     '0.10.1',
248 silly addNameRange     '0.10.2',
248 silly addNameRange     '0.10.3',
248 silly addNameRange     '0.11.0',
248 silly addNameRange     '0.11.1',
248 silly addNameRange     '0.11.2',
248 silly addNameRange     '0.11.3',
248 silly addNameRange     '0.12.0',
248 silly addNameRange     '0.12.1',
248 silly addNameRange     '0.13.0',
248 silly addNameRange     '0.13.1',
248 silly addNameRange     '1.0.0',
248 silly addNameRange     '1.0.1',
248 silly addNameRange     '1.0.2',
248 silly addNameRange     '1.0.3',
248 silly addNameRange     '1.0.4',
248 silly addNameRange     '1.1.0',
248 silly addNameRange     '1.1.1',
248 silly addNameRange     '1.1.2',
248 silly addNameRange     '1.1.3',
248 silly addNameRange     '1.1.4',
248 silly addNameRange     '1.1.5',
248 silly addNameRange     '1.1.6',
248 silly addNameRange     '1.2.0',
248 silly addNameRange     '1.2.1',
248 silly addNameRange     '1.2.2',
248 silly addNameRange     '1.2.3',
248 silly addNameRange     '1.2.4',
248 silly addNameRange     '1.2.5',
248 silly addNameRange     '1.2.6',
248 silly addNameRange     '1.2.7',
248 silly addNameRange     '1.2.8',
248 silly addNameRange     '1.2.9',
248 silly addNameRange     '1.2.10',
248 silly addNameRange     '1.2.11',
248 silly addNameRange     '1.3.0',
248 silly addNameRange     '1.3.1',
248 silly addNameRange     '1.3.2',
248 silly addNameRange     '1.3.3',
248 silly addNameRange     '1.3.4',
248 silly addNameRange     '1.3.5',
248 silly addNameRange     '1.3.6',
248 silly addNameRange     '1.3.7',
248 silly addNameRange     '1.3.8',
248 silly addNameRange     '1.3.9',
248 silly addNameRange     '1.3.10',
248 silly addNameRange     '1.3.11',
248 silly addNameRange     '1.3.12',
248 silly addNameRange     '1.3.13',
248 silly addNameRange     '1.3.14',
248 silly addNameRange     '1.3.15' ] ]
249 silly addNamed canvas@1.3.15
250 verbose addNamed "1.3.15" is a plain semver version for canvas
251 silly mapToRegistry name canvas
252 silly mapToRegistry using default registry
253 silly mapToRegistry registry https://registry.npmjs.org/
254 silly mapToRegistry uri https://registry.npmjs.org/canvas
255 verbose addRemoteTarball https://registry.npmjs.org/canvas/-/canvas-1.3.15.tgz not in flight; adding
256 verbose addRemoteTarball [ 'https://registry.npmjs.org/canvas/-/canvas-1.3.15.tgz',
256 verbose addRemoteTarball   '19a6c4284b282d918e9611a454ff86a03d1d71ed' ]
257 info retry fetch attempt 1 at 17:13:08
258 info attempt registry request try #1 at 17:13:08
259 http fetch GET https://registry.npmjs.org/canvas/-/canvas-1.3.15.tgz
260 http fetch 200 https://registry.npmjs.org/bops/-/bops-0.0.6.tgz
261 silly fetchAndShaCheck shasum 082d1d55fa01e60dbdc2ebc2dba37f659554cf3a
262 verbose addTmpTarball /var/folders/98/q252mwkj0pxcqc3x1s7r3q0w0000gn/T/npm-4465-c6115ed5/registry.npmjs.org/bops/-/bops-0.0.6.tgz not in flight; adding
263 verbose addTmpTarball already have metadata; skipping unpack for bops@0.0.6
264 silly cache afterAdd bops@0.0.6
265 verbose afterAdd /Users/lijie/.npm/bops/0.0.6/package/package.json not in flight; writing
266 verbose afterAdd /Users/lijie/.npm/bops/0.0.6/package/package.json written
267 http fetch 200 https://registry.npmjs.org/canvas/-/canvas-1.3.15.tgz
268 silly fetchAndShaCheck shasum 19a6c4284b282d918e9611a454ff86a03d1d71ed
269 verbose addTmpTarball /var/folders/98/q252mwkj0pxcqc3x1s7r3q0w0000gn/T/npm-4465-c6115ed5/registry.npmjs.org/canvas/-/canvas-1.3.15.tgz not in flight; adding
270 verbose addTmpTarball already have metadata; skipping unpack for canvas@1.3.15
271 silly cache afterAdd canvas@1.3.15
272 verbose afterAdd /Users/lijie/.npm/canvas/1.3.15/package/package.json not in flight; writing
273 verbose afterAdd /Users/lijie/.npm/canvas/1.3.15/package/package.json written
274 silly install resolved [ { name: 'colors',
274 silly install resolved     description: 'get colors in your node.js console',
274 silly install resolved     version: '1.1.2',
274 silly install resolved     author: { name: 'Marak Squires' },
274 silly install resolved     homepage: 'https://github.com/Marak/colors.js',
274 silly install resolved     bugs: { url: 'https://github.com/Marak/colors.js/issues' },
274 silly install resolved     keywords: [ 'ansi', 'terminal', 'colors' ],
274 silly install resolved     repository:
274 silly install resolved      { type: 'git',
274 silly install resolved        url: 'git+ssh://git@github.com/Marak/colors.js.git' },
274 silly install resolved     license: 'MIT',
274 silly install resolved     scripts: { test: 'node tests/basic-test.js && node tests/safe-test.js' },
274 silly install resolved     engines: { node: '>=0.1.90' },
274 silly install resolved     main: 'lib',
274 silly install resolved     files: [ 'examples', 'lib', 'LICENSE', 'safe.js', 'themes' ],
274 silly install resolved     gitHead: '8bf2ad9fa695dcb30b7e9fd83691b139fd6655c4',
274 silly install resolved     _id: 'colors@1.1.2',
274 silly install resolved     _shasum: '168a4701756b6a7f51a12ce0c97bfa28c084ed63',
274 silly install resolved     _from: 'colors@*',
274 silly install resolved     _npmVersion: '2.1.8',
274 silly install resolved     _nodeVersion: '0.11.13',
274 silly install resolved     _npmUser: { name: 'marak', email: 'marak.squires@gmail.com' },
274 silly install resolved     maintainers: [ [Object] ],
274 silly install resolved     dist:
274 silly install resolved      { shasum: '168a4701756b6a7f51a12ce0c97bfa28c084ed63',
274 silly install resolved        tarball: 'http://registry.npmjs.org/colors/-/colors-1.1.2.tgz' },
274 silly install resolved     directories: {},
274 silly install resolved     _resolved: 'https://registry.npmjs.org/colors/-/colors-1.1.2.tgz',
274 silly install resolved     readme: 'ERROR: No README data found!' },
274 silly install resolved   { name: 'bops',
274 silly install resolved     version: '0.0.6',
274 silly install resolved     description: 'buffer operations',
274 silly install resolved     main: 'index.js',
274 silly install resolved     scripts: { test: 'node test/index.js' },
274 silly install resolved     browser:
274 silly install resolved      { './copy.js': './typedarray/copy.js',
274 silly install resolved        './create.js': './typedarray/create.js',
274 silly install resolved        './from.js': './typedarray/from.js',
274 silly install resolved        './join.js': './typedarray/join.js',
274 silly install resolved        './mapped.js': './typedarray/mapped.js',
274 silly install resolved        './read.js': './typedarray/read.js',
274 silly install resolved        './subarray.js': './typedarray/subarray.js',
274 silly install resolved        './to.js': './typedarray/to.js',
274 silly install resolved        './is.js': './typedarray/is.js',
274 silly install resolved        './write.js': './typedarray/write.js' },
274 silly install resolved     repository: { type: 'git', url: 'git://github.com/chrisdickinson/bops.git' },
274 silly install resolved     keywords: [ 'buffer', 'operations', 'binary' ],
274 silly install resolved     author: { name: 'Chris Dickinson', email: 'chris@neversaw.us' },
274 silly install resolved     license: 'MIT',
274 silly install resolved     gitHead: '11f41e69b1ab4507027ac162981913b268445b4a',
274 silly install resolved     devDependencies: { tape: '~1.0.1' },
274 silly install resolved     dependencies: { 'base64-js': '0.0.2', 'to-utf8': '0.0.1' },
274 silly install resolved     testling: { files: 'test/index.js', browsers: [Object] },
274 silly install resolved     _id: 'bops@0.0.6',
274 silly install resolved     dist:
274 silly install resolved      { shasum: '082d1d55fa01e60dbdc2ebc2dba37f659554cf3a',
274 silly install resolved        tarball: 'https://registry.npmjs.org/bops/-/bops-0.0.6.tgz' },
274 silly install resolved     _from: 'bops@0.0.6',
274 silly install resolved     _npmVersion: '1.2.14',
274 silly install resolved     _npmUser: { name: 'chrisdickinson', email: 'chris@neversaw.us' },
274 silly install resolved     maintainers: [ [Object] ],
274 silly install resolved     directories: {},
274 silly install resolved     _shasum: '082d1d55fa01e60dbdc2ebc2dba37f659554cf3a',
274 silly install resolved     _resolved: 'https://registry.npmjs.org/bops/-/bops-0.0.6.tgz' },
274 silly install resolved   { name: 'canvas',
274 silly install resolved     description: 'Canvas graphics API backed by Cairo',
274 silly install resolved     version: '1.3.15',
274 silly install resolved     author: { name: 'TJ Holowaychuk', email: 'tj@learnboost.com' },
274 silly install resolved     contributors: [ [Object], [Object], [Object] ],
274 silly install resolved     keywords:
274 silly install resolved      [ 'canvas',
274 silly install resolved        'graphic',
274 silly install resolved        'graphics',
274 silly install resolved        'pixman',
274 silly install resolved        'cairo',
274 silly install resolved        'image',
274 silly install resolved        'images',
274 silly install resolved        'pdf' ],
274 silly install resolved     homepage: 'https://github.com/Automattic/node-canvas',
274 silly install resolved     repository:
274 silly install resolved      { type: 'git',
274 silly install resolved        url: 'git://github.com/Automattic/node-canvas.git' },
274 silly install resolved     scripts:
274 silly install resolved      { prebenchmark: 'node-gyp build',
274 silly install resolved        benchmark: 'node benchmarks/run.js',
274 silly install resolved        pretest: 'node-gyp build',
274 silly install resolved        test: 'mocha test/*.test.js',
274 silly install resolved        'pretest-server': 'node-gyp build',
274 silly install resolved        'test-server': 'node test/server.js',
274 silly install resolved        install: 'node-gyp rebuild' },
274 silly install resolved     dependencies: { nan: '^2.3.2' },
274 silly install resolved     devDependencies:
274 silly install resolved      { 'body-parser': '^1.13.3',
274 silly install resolved        express: '^4.13.2',
274 silly install resolved        jade: '^1.11.0',
274 silly install resolved        mocha: '*' },
274 silly install resolved     engines: { node: '>=0.8.0' },
274 silly install resolved     main: './lib/canvas.js',
274 silly install resolved     license: 'MIT',
274 silly install resolved     gypfile: true,
274 silly install resolved     gitHead: '258797cf3b29ed72defe74d4d125b2976105f843',
274 silly install resolved     bugs: { url: 'https://github.com/Automattic/node-canvas/issues' },
274 silly install resolved     _id: 'canvas@1.3.15',
274 silly install resolved     _shasum: '19a6c4284b282d918e9611a454ff86a03d1d71ed',
274 silly install resolved     _from: 'canvas@>=1.3.4 <1.4.0',
274 silly install resolved     _npmVersion: '3.8.6',
274 silly install resolved     _nodeVersion: '6.0.0',
274 silly install resolved     _npmUser: { name: 'linusu', email: 'linus@folkdatorn.se' },
274 silly install resolved     dist:
274 silly install resolved      { shasum: '19a6c4284b282d918e9611a454ff86a03d1d71ed',
274 silly install resolved        tarball: 'https://registry.npmjs.org/canvas/-/canvas-1.3.15.tgz' },
274 silly install resolved     maintainers: [ [Object], [Object], [Object], [Object], [Object], [Object] ],
274 silly install resolved     _npmOperationalInternal:
274 silly install resolved      { host: 'packages-16-east.internal.npmjs.com',
274 silly install resolved        tmp: 'tmp/canvas-1.3.15.tgz_1462813486072_0.7982383605558425' },
274 silly install resolved     directories: {},
274 silly install resolved     _resolved: 'https://registry.npmjs.org/canvas/-/canvas-1.3.15.tgz' } ]
275 info install colors@1.1.2 into /Users/lijie/GAME/basketball/node_modules/qrcode
276 info install bops@0.0.6 into /Users/lijie/GAME/basketball/node_modules/qrcode
277 info install canvas@1.3.15 into /Users/lijie/GAME/basketball/node_modules/qrcode
278 info installOne colors@1.1.2
279 verbose installOne of colors to /Users/lijie/GAME/basketball/node_modules/qrcode not in flight; installing
280 info installOne bops@0.0.6
281 verbose installOne of bops to /Users/lijie/GAME/basketball/node_modules/qrcode not in flight; installing
282 info installOne canvas@1.3.15
283 verbose installOne of canvas to /Users/lijie/GAME/basketball/node_modules/qrcode not in flight; installing
284 verbose lock using /Users/lijie/.npm/_locks/bops-a6f296a2e893df83.lock for /Users/lijie/GAME/basketball/node_modules/qrcode/node_modules/bops
285 verbose lock using /Users/lijie/.npm/_locks/canvas-4825b9e928e1d81b.lock for /Users/lijie/GAME/basketball/node_modules/qrcode/node_modules/canvas
286 silly install write writing bops 0.0.6 to /Users/lijie/GAME/basketball/node_modules/qrcode/node_modules/bops
287 silly install write writing canvas 1.3.15 to /Users/lijie/GAME/basketball/node_modules/qrcode/node_modules/canvas
288 verbose lock using /Users/lijie/.npm/_locks/colors-2a68c6032372f767.lock for /Users/lijie/GAME/basketball/node_modules/qrcode/node_modules/colors
289 silly install write writing colors 1.1.2 to /Users/lijie/GAME/basketball/node_modules/qrcode/node_modules/colors
290 verbose unbuild node_modules/qrcode/node_modules/bops
291 verbose unbuild node_modules/qrcode/node_modules/canvas
292 verbose unbuild node_modules/qrcode/node_modules/colors
293 silly gentlyRm /Users/lijie/GAME/basketball/node_modules/qrcode/node_modules/bops is being purged from base /Users/lijie/GAME/basketball
294 verbose gentlyRm don't care about contents; nuking /Users/lijie/GAME/basketball/node_modules/qrcode/node_modules/bops
295 silly gentlyRm /Users/lijie/GAME/basketball/node_modules/qrcode/node_modules/canvas is being purged from base /Users/lijie/GAME/basketball
296 verbose gentlyRm don't care about contents; nuking /Users/lijie/GAME/basketball/node_modules/qrcode/node_modules/canvas
297 verbose tar unpack /Users/lijie/.npm/bops/0.0.6/package.tgz
298 verbose tar unpacking to /Users/lijie/GAME/basketball/node_modules/qrcode/node_modules/bops
299 silly gentlyRm /Users/lijie/GAME/basketball/node_modules/qrcode/node_modules/bops is being purged
300 verbose gentlyRm don't care about contents; nuking /Users/lijie/GAME/basketball/node_modules/qrcode/node_modules/bops
301 verbose tar unpack /Users/lijie/.npm/canvas/1.3.15/package.tgz
302 verbose tar unpacking to /Users/lijie/GAME/basketball/node_modules/qrcode/node_modules/canvas
303 silly gentlyRm /Users/lijie/GAME/basketball/node_modules/qrcode/node_modules/canvas is being purged
304 verbose gentlyRm don't care about contents; nuking /Users/lijie/GAME/basketball/node_modules/qrcode/node_modules/canvas
305 silly gentlyRm /Users/lijie/GAME/basketball/node_modules/qrcode/node_modules/colors is being purged from base /Users/lijie/GAME/basketball
306 verbose gentlyRm don't care about contents; nuking /Users/lijie/GAME/basketball/node_modules/qrcode/node_modules/colors
307 silly gunzTarPerm modes [ '755', '644' ]
308 silly gunzTarPerm modes [ '755', '644' ]
309 verbose tar unpack /Users/lijie/.npm/colors/1.1.2/package.tgz
310 verbose tar unpacking to /Users/lijie/GAME/basketball/node_modules/qrcode/node_modules/colors
311 silly gentlyRm /Users/lijie/GAME/basketball/node_modules/qrcode/node_modules/colors is being purged
312 verbose gentlyRm don't care about contents; nuking /Users/lijie/GAME/basketball/node_modules/qrcode/node_modules/colors
313 silly gunzTarPerm modes [ '755', '644' ]
314 silly gunzTarPerm extractEntry package.json
315 silly gunzTarPerm extractEntry package.json
316 silly gunzTarPerm extractEntry package.json
317 silly gunzTarPerm extractEntry README.md
318 silly gunzTarPerm extractEntry copy.js
319 silly gunzTarPerm extractEntry .npmignore
320 silly gunzTarPerm extractEntry index.js
321 silly gunzTarPerm extractEntry LICENSE
322 silly gunzTarPerm extractEntry safe.js
323 silly gunzTarPerm extractEntry from.js
324 silly gunzTarPerm extractEntry index.js
325 silly gunzTarPerm extractEntry Readme.md
326 silly gunzTarPerm extractEntry binding.gyp
327 silly gunzTarPerm extractEntry ReadMe.md
328 silly gunzTarPerm extractEntry examples/normal-usage.js
329 silly gunzTarPerm extractEntry is.js
330 silly gunzTarPerm extractEntry join.js
331 silly gunzTarPerm extractEntry .travis.yml
332 silly gunzTarPerm extractEntry examples/safe-string.js
333 silly gunzTarPerm extractEntry lib/colors.js
334 silly gunzTarPerm extractEntry create.js
335 silly gunzTarPerm extractEntry subarray.js
336 silly gunzTarPerm extractEntry lib/bindings.js
337 silly gunzTarPerm extractEntry lib/canvas.js
338 silly gunzTarPerm extractEntry lib/extendStringPrototype.js
339 silly gunzTarPerm extractEntry to.js
340 silly gunzTarPerm extractEntry write.js
341 silly gunzTarPerm extractEntry lib/context2d.js
342 silly gunzTarPerm extractEntry lib/image.js
343 silly gunzTarPerm extractEntry lib/index.js
344 silly gunzTarPerm extractEntry lib/styles.js
345 silly gunzTarPerm extractEntry read.js
346 silly gunzTarPerm extractEntry test/copy.js
347 silly gunzTarPerm extractEntry lib/jpegstream.js
348 silly gunzTarPerm extractEntry lib/pngstream.js
349 silly gunzTarPerm extractEntry lib/custom/trap.js
350 silly gunzTarPerm extractEntry lib/custom/zalgo.js
351 silly gunzTarPerm extractEntry test/create.js
352 silly gunzTarPerm extractEntry History.md
353 silly gunzTarPerm extractEntry src/Image.cc
354 silly gunzTarPerm extractEntry lib/maps/america.js
355 silly gunzTarPerm extractEntry lib/maps/rainbow.js
356 silly gunzTarPerm extractEntry test/from.js
357 silly gunzTarPerm extractEntry test/index.js
358 silly gunzTarPerm extractEntry src/Canvas.cc
359 silly gunzTarPerm extractEntry src/CanvasGradient.cc
360 silly gunzTarPerm extractEntry test/is.js
361 silly gunzTarPerm extractEntry test/join.js
362 silly gunzTarPerm extractEntry lib/maps/random.js
363 silly gunzTarPerm extractEntry lib/maps/zebra.js
364 silly gunzTarPerm extractEntry src/CanvasGradient.h
365 silly gunzTarPerm extractEntry src/CanvasPattern.cc
366 silly gunzTarPerm extractEntry test/read.js
367 silly gunzTarPerm extractEntry test/subarray.js
368 silly gunzTarPerm extractEntry lib/system/supports-colors.js
369 silly gunzTarPerm extractEntry themes/generic-logging.js
370 silly gunzTarPerm extractEntry test/to.js
371 silly gunzTarPerm extractEntry test/write.js
372 silly gunzTarPerm extractEntry src/CanvasPattern.h
373 silly gunzTarPerm extractEntry src/CanvasRenderingContext2d.cc
374 silly gunzTarPerm extractEntry typedarray/copy.js
375 silly gunzTarPerm extractEntry typedarray/create.js
376 silly gunzTarPerm extractEntry src/CanvasRenderingContext2d.h
377 silly gunzTarPerm extractEntry src/FontFace.cc
378 silly gunzTarPerm extractEntry typedarray/from.js
379 silly gunzTarPerm extractEntry typedarray/is.js
380 silly gunzTarPerm extractEntry src/FontFace.h
381 silly gunzTarPerm extractEntry src/Canvas.h
382 silly gunzTarPerm extractEntry src/Image.h
383 silly gunzTarPerm extractEntry src/ImageData.cc
384 silly gunzTarPerm extractEntry src/ImageData.h
385 silly gunzTarPerm extractEntry typedarray/join.js
386 silly gunzTarPerm extractEntry typedarray/mapped.js
387 silly gunzTarPerm extractEntry typedarray/read.js
388 silly gunzTarPerm extractEntry typedarray/subarray.js
389 silly gunzTarPerm extractEntry src/JPEGStream.h
390 silly gunzTarPerm extractEntry src/PNG.h
391 silly gunzTarPerm extractEntry src/Point.h
392 silly gunzTarPerm extractEntry src/closure.h
393 silly gunzTarPerm extractEntry typedarray/to.js
394 silly gunzTarPerm extractEntry typedarray/write.js
395 silly gunzTarPerm extractEntry src/color.cc
396 silly gunzTarPerm extractEntry src/color.h
397 silly gunzTarPerm extractEntry src/init.cc
398 silly gunzTarPerm extractEntry util/has_lib.sh
399 verbose write writing to /Users/lijie/GAME/basketball/node_modules/qrcode/node_modules/colors/package.json
400 info preinstall colors@1.1.2
401 verbose readDependencies loading dependencies from /Users/lijie/GAME/basketball/node_modules/qrcode/node_modules/colors/package.json
402 verbose readDependencies loading dependencies from /Users/lijie/GAME/basketball/node_modules/qrcode/node_modules/colors/package.json
403 silly install resolved []
404 verbose about to build /Users/lijie/GAME/basketball/node_modules/qrcode/node_modules/colors
405 info build /Users/lijie/GAME/basketball/node_modules/qrcode/node_modules/colors
406 info linkStuff colors@1.1.2
407 silly linkStuff colors@1.1.2 has /Users/lijie/GAME/basketball/node_modules/qrcode/node_modules as its parent node_modules
408 verbose linkBins colors@1.1.2
409 verbose linkMans colors@1.1.2
410 verbose rebuildBundles colors@1.1.2
411 info install colors@1.1.2
412 info postinstall colors@1.1.2
413 verbose unlock done using /Users/lijie/.npm/_locks/colors-2a68c6032372f767.lock for /Users/lijie/GAME/basketball/node_modules/qrcode/node_modules/colors
414 verbose write writing to /Users/lijie/GAME/basketball/node_modules/qrcode/node_modules/bops/package.json
415 info preinstall bops@0.0.6
416 verbose readDependencies loading dependencies from /Users/lijie/GAME/basketball/node_modules/qrcode/node_modules/bops/package.json
417 silly prepareForInstallMany adding base64-js@0.0.2 from bops dependencies
418 silly prepareForInstallMany adding to-utf8@0.0.1 from bops dependencies
419 verbose readDependencies loading dependencies from /Users/lijie/GAME/basketball/node_modules/qrcode/node_modules/bops/package.json
420 silly cache add args [ 'base64-js@0.0.2', null ]
421 verbose cache add spec base64-js@0.0.2
422 silly cache add args [ 'to-utf8@0.0.1', null ]
423 verbose cache add spec to-utf8@0.0.1
424 silly cache add parsed spec Result {
424 silly cache add   raw: 'base64-js@0.0.2',
424 silly cache add   scope: null,
424 silly cache add   name: 'base64-js',
424 silly cache add   rawSpec: '0.0.2',
424 silly cache add   spec: '0.0.2',
424 silly cache add   type: 'version' }
425 silly addNamed base64-js@0.0.2
426 verbose addNamed "0.0.2" is a plain semver version for base64-js
427 silly mapToRegistry name base64-js
428 silly mapToRegistry using default registry
429 silly mapToRegistry registry https://registry.npmjs.org/
430 silly mapToRegistry uri https://registry.npmjs.org/base64-js
431 verbose addNameVersion registry:https://registry.npmjs.org/base64-js not in flight; fetching
432 silly cache add parsed spec Result {
432 silly cache add   raw: 'to-utf8@0.0.1',
432 silly cache add   scope: null,
432 silly cache add   name: 'to-utf8',
432 silly cache add   rawSpec: '0.0.1',
432 silly cache add   spec: '0.0.1',
432 silly cache add   type: 'version' }
433 silly addNamed to-utf8@0.0.1
434 verbose addNamed "0.0.1" is a plain semver version for to-utf8
435 silly mapToRegistry name to-utf8
436 silly mapToRegistry using default registry
437 silly mapToRegistry registry https://registry.npmjs.org/
438 silly mapToRegistry uri https://registry.npmjs.org/to-utf8
439 verbose addNameVersion registry:https://registry.npmjs.org/to-utf8 not in flight; fetching
440 verbose request uri https://registry.npmjs.org/to-utf8
441 verbose request no auth needed
442 info attempt registry request try #1 at 17:13:08
443 http request GET https://registry.npmjs.org/to-utf8
444 verbose request uri https://registry.npmjs.org/base64-js
445 verbose request no auth needed
446 info attempt registry request try #1 at 17:13:08
447 verbose etag "DE7IP3N2ZOSYM9WJFO7XTR2PZ"
448 http request GET https://registry.npmjs.org/base64-js
449 verbose write writing to /Users/lijie/GAME/basketball/node_modules/qrcode/node_modules/canvas/package.json
450 info preinstall canvas@1.3.15
451 verbose readDependencies loading dependencies from /Users/lijie/GAME/basketball/node_modules/qrcode/node_modules/canvas/package.json
452 silly prepareForInstallMany adding nan@^2.3.2 from canvas dependencies
453 verbose readDependencies loading dependencies from /Users/lijie/GAME/basketball/node_modules/qrcode/node_modules/canvas/package.json
454 silly cache add args [ 'nan@^2.3.2', null ]
455 verbose cache add spec nan@^2.3.2
456 silly cache add parsed spec Result {
456 silly cache add   raw: 'nan@^2.3.2',
456 silly cache add   scope: null,
456 silly cache add   name: 'nan',
456 silly cache add   rawSpec: '^2.3.2',
456 silly cache add   spec: '>=2.3.2 <3.0.0',
456 silly cache add   type: 'range' }
457 silly addNamed nan@>=2.3.2 <3.0.0
458 verbose addNamed ">=2.3.2 <3.0.0" is a valid semver range for nan
459 silly addNameRange { name: 'nan', range: '>=2.3.2 <3.0.0', hasData: false }
460 silly mapToRegistry name nan
461 silly mapToRegistry using default registry
462 silly mapToRegistry registry https://registry.npmjs.org/
463 silly mapToRegistry uri https://registry.npmjs.org/nan
464 verbose addNameRange registry:https://registry.npmjs.org/nan not in flight; fetching
465 verbose request uri https://registry.npmjs.org/nan
466 verbose request no auth needed
467 info attempt registry request try #1 at 17:13:08
468 verbose etag "24B26O57Z0ASCDVIYEYKA8KVW"
469 http request GET https://registry.npmjs.org/nan
470 http 304 https://registry.npmjs.org/base64-js
471 verbose headers { date: 'Fri, 20 May 2016 09:13:09 GMT',
471 verbose headers   via: '1.1 varnish',
471 verbose headers   'cache-control': 'max-age=300',
471 verbose headers   etag: '"DE7IP3N2ZOSYM9WJFO7XTR2PZ"',
471 verbose headers   age: '239',
471 verbose headers   connection: 'keep-alive',
471 verbose headers   'x-served-by': 'cache-itm7422-ITM',
471 verbose headers   'x-cache': 'HIT',
471 verbose headers   'x-cache-hits': '1',
471 verbose headers   'x-timer': 'S1463735589.460724,VS0,VE0',
471 verbose headers   vary: 'Accept-Encoding' }
472 silly get cb [ 304,
472 silly get   { date: 'Fri, 20 May 2016 09:13:09 GMT',
472 silly get     via: '1.1 varnish',
472 silly get     'cache-control': 'max-age=300',
472 silly get     etag: '"DE7IP3N2ZOSYM9WJFO7XTR2PZ"',
472 silly get     age: '239',
472 silly get     connection: 'keep-alive',
472 silly get     'x-served-by': 'cache-itm7422-ITM',
472 silly get     'x-cache': 'HIT',
472 silly get     'x-cache-hits': '1',
472 silly get     'x-timer': 'S1463735589.460724,VS0,VE0',
472 silly get     vary: 'Accept-Encoding' } ]
473 verbose etag https://registry.npmjs.org/base64-js from cache
474 verbose get saving base64-js to /Users/lijie/.npm/registry.npmjs.org/base64-js/.cache.json
475 http 200 https://registry.npmjs.org/to-utf8
476 verbose headers { server: 'CouchDB/1.5.0 (Erlang OTP/R16B03)',
476 verbose headers   etag: '"CJPVBHDA0TV0BQD61C4J14DFR"',
476 verbose headers   'content-type': 'application/json',
476 verbose headers   'content-encoding': 'gzip',
476 verbose headers   'cache-control': 'max-age=300',
476 verbose headers   'content-length': '1145',
476 verbose headers   'accept-ranges': 'bytes',
476 verbose headers   date: 'Fri, 20 May 2016 09:13:09 GMT',
476 verbose headers   via: '1.1 varnish',
476 verbose headers   age: '107',
476 verbose headers   connection: 'keep-alive',
476 verbose headers   'x-served-by': 'cache-itm7421-ITM',
476 verbose headers   'x-cache': 'HIT',
476 verbose headers   'x-cache-hits': '1',
476 verbose headers   'x-timer': 'S1463735589.461356,VS0,VE0',
476 verbose headers   vary: 'Accept-Encoding' }
477 silly get cb [ 200,
477 silly get   { server: 'CouchDB/1.5.0 (Erlang OTP/R16B03)',
477 silly get     etag: '"CJPVBHDA0TV0BQD61C4J14DFR"',
477 silly get     'content-type': 'application/json',
477 silly get     'content-encoding': 'gzip',
477 silly get     'cache-control': 'max-age=300',
477 silly get     'content-length': '1145',
477 silly get     'accept-ranges': 'bytes',
477 silly get     date: 'Fri, 20 May 2016 09:13:09 GMT',
477 silly get     via: '1.1 varnish',
477 silly get     age: '107',
477 silly get     connection: 'keep-alive',
477 silly get     'x-served-by': 'cache-itm7421-ITM',
477 silly get     'x-cache': 'HIT',
477 silly get     'x-cache-hits': '1',
477 silly get     'x-timer': 'S1463735589.461356,VS0,VE0',
477 silly get     vary: 'Accept-Encoding' } ]
478 verbose get saving to-utf8 to /Users/lijie/.npm/registry.npmjs.org/to-utf8/.cache.json
479 silly mapToRegistry name to-utf8
480 silly mapToRegistry using default registry
481 silly mapToRegistry registry https://registry.npmjs.org/
482 silly mapToRegistry uri https://registry.npmjs.org/to-utf8
483 verbose addRemoteTarball https://registry.npmjs.org/to-utf8/-/to-utf8-0.0.1.tgz not in flight; adding
484 verbose addRemoteTarball [ 'https://registry.npmjs.org/to-utf8/-/to-utf8-0.0.1.tgz',
484 verbose addRemoteTarball   'd17aea72ff2fba39b9e43601be7b3ff72e089852' ]
485 silly mapToRegistry name base64-js
486 silly mapToRegistry using default registry
487 silly mapToRegistry registry https://registry.npmjs.org/
488 silly mapToRegistry uri https://registry.npmjs.org/base64-js
489 verbose addRemoteTarball https://registry.npmjs.org/base64-js/-/base64-js-0.0.2.tgz not in flight; adding
490 verbose addRemoteTarball [ 'https://registry.npmjs.org/base64-js/-/base64-js-0.0.2.tgz',
490 verbose addRemoteTarball   '024f0f72afa25b75f9c0ee73cd4f55ec1bed9784' ]
491 info retry fetch attempt 1 at 17:13:09
492 info attempt registry request try #1 at 17:13:09
493 http fetch GET https://registry.npmjs.org/to-utf8/-/to-utf8-0.0.1.tgz
494 info retry fetch attempt 1 at 17:13:09
495 info attempt registry request try #1 at 17:13:09
496 http fetch GET https://registry.npmjs.org/base64-js/-/base64-js-0.0.2.tgz
497 http 304 https://registry.npmjs.org/nan
498 verbose headers { date: 'Fri, 20 May 2016 09:13:09 GMT',
498 verbose headers   via: '1.1 varnish',
498 verbose headers   'cache-control': 'max-age=300',
498 verbose headers   etag: '"24B26O57Z0ASCDVIYEYKA8KVW"',
498 verbose headers   age: '0',
498 verbose headers   connection: 'keep-alive',
498 verbose headers   'x-served-by': 'cache-itm7425-ITM',
498 verbose headers   'x-cache': 'HIT',
498 verbose headers   'x-cache-hits': '1',
498 verbose headers   'x-timer': 'S1463735589.488916,VS0,VE152',
498 verbose headers   vary: 'Accept-Encoding' }
499 silly get cb [ 304,
499 silly get   { date: 'Fri, 20 May 2016 09:13:09 GMT',
499 silly get     via: '1.1 varnish',
499 silly get     'cache-control': 'max-age=300',
499 silly get     etag: '"24B26O57Z0ASCDVIYEYKA8KVW"',
499 silly get     age: '0',
499 silly get     connection: 'keep-alive',
499 silly get     'x-served-by': 'cache-itm7425-ITM',
499 silly get     'x-cache': 'HIT',
499 silly get     'x-cache-hits': '1',
499 silly get     'x-timer': 'S1463735589.488916,VS0,VE152',
499 silly get     vary: 'Accept-Encoding' } ]
500 verbose etag https://registry.npmjs.org/nan from cache
501 verbose get saving nan to /Users/lijie/.npm/registry.npmjs.org/nan/.cache.json
502 silly addNameRange number 2 { name: 'nan', range: '>=2.3.2 <3.0.0', hasData: true }
503 silly addNameRange versions [ 'nan',
503 silly addNameRange   [ '0.3.0-wip',
503 silly addNameRange     '0.3.0-wip2',
503 silly addNameRange     '0.3.0',
503 silly addNameRange     '0.3.1',
503 silly addNameRange     '0.3.2',
503 silly addNameRange     '0.4.0',
503 silly addNameRange     '0.4.1',
503 silly addNameRange     '0.4.2',
503 silly addNameRange     '0.4.3',
503 silly addNameRange     '0.4.4',
503 silly addNameRange     '0.5.0',
503 silly addNameRange     '0.5.1',
503 silly addNameRange     '0.5.2',
503 silly addNameRange     '0.6.0',
503 silly addNameRange     '0.7.0',
503 silly addNameRange     '0.7.1',
503 silly addNameRange     '0.8.0',
503 silly addNameRange     '1.0.0',
503 silly addNameRange     '1.1.0',
503 silly addNameRange     '1.1.1',
503 silly addNameRange     '1.1.2',
503 silly addNameRange     '1.2.0',
503 silly addNameRange     '1.3.0',
503 silly addNameRange     '1.4.0',
503 silly addNameRange     '1.4.1',
503 silly addNameRange     '1.5.0',
503 silly addNameRange     '1.4.2',
503 silly addNameRange     '1.4.3',
503 silly addNameRange     '1.5.1',
503 silly addNameRange     '1.5.2',
503 silly addNameRange     '1.6.0',
503 silly addNameRange     '1.5.3',
503 silly addNameRange     '1.6.1',
503 silly addNameRange     '1.6.2',
503 silly addNameRange     '1.7.0',
503 silly addNameRange     '1.8.0',
503 silly addNameRange     '1.8.1',
503 silly addNameRange     '1.8.2',
503 silly addNameRange     '1.8.3',
503 silly addNameRange     '1.8.4',
503 silly addNameRange     '1.9.0',
503 silly addNameRange     '2.0.0',
503 silly addNameRange     '2.0.1',
503 silly addNameRange     '2.0.2',
503 silly addNameRange     '2.0.3',
503 silly addNameRange     '2.0.4',
503 silly addNameRange     '2.0.5',
503 silly addNameRange     '2.0.6',
503 silly addNameRange     '2.0.7',
503 silly addNameRange     '2.0.8',
503 silly addNameRange     '2.0.9',
503 silly addNameRange     '2.1.0',
503 silly addNameRange     '2.2.0',
503 silly addNameRange     '2.2.1',
503 silly addNameRange     '2.3.0',
503 silly addNameRange     '2.3.1',
503 silly addNameRange     '2.3.2',
503 silly addNameRange     '2.3.3' ] ]
504 silly addNamed nan@2.3.3
505 verbose addNamed "2.3.3" is a plain semver version for nan
506 silly cache afterAdd nan@2.3.3
507 verbose afterAdd /Users/lijie/.npm/nan/2.3.3/package/package.json not in flight; writing
508 verbose afterAdd /Users/lijie/.npm/nan/2.3.3/package/package.json written
509 silly install resolved [ { name: 'nan',
509 silly install resolved     version: '2.3.3',
509 silly install resolved     description: 'Native Abstractions for Node.js: C++ header for Node 0.8 -> 6 compatibility',
509 silly install resolved     main: 'include_dirs.js',
509 silly install resolved     repository: { type: 'git', url: 'git://github.com/nodejs/nan.git' },
509 silly install resolved     scripts:
509 silly install resolved      { test: 'tap --gc --stderr test/js/*-test.js',
509 silly install resolved        'rebuild-tests': 'node-gyp rebuild --msvs_version=2013 --directory test',
509 silly install resolved        docs: 'doc/.build.sh' },
509 silly install resolved     contributors:
509 silly install resolved      [ [Object],
509 silly install resolved        [Object],
509 silly install resolved        [Object],
509 silly install resolved        [Object],
509 silly install resolved        [Object],
509 silly install resolved        [Object],
509 silly install resolved        [Object] ],
509 silly install resolved     devDependencies:
509 silly install resolved      { bindings: '~1.2.1',
509 silly install resolved        commander: '^2.8.1',
509 silly install resolved        glob: '^5.0.14',
509 silly install resolved        'node-gyp': '~3.0.1',
509 silly install resolved        tap: '~0.7.1',
509 silly install resolved        xtend: '~4.0.0' },
509 silly install resolved     license: 'MIT',
509 silly install resolved     bugs: { url: 'https://github.com/nodejs/nan/issues' },
509 silly install resolved     homepage: 'https://github.com/nodejs/nan#readme',
509 silly install resolved     _id: 'nan@2.3.3',
509 silly install resolved     _shasum: '64dd83c9704a83648b6c72b401f6384bd94ef16f',
509 silly install resolved     _resolved: 'https://registry.npmjs.org/nan/-/nan-2.3.3.tgz',
509 silly install resolved     _from: 'nan@>=2.3.2 <3.0.0',
509 silly install resolved     _npmVersion: '3.3.6',
509 silly install resolved     _nodeVersion: '5.0.0',
509 silly install resolved     _npmUser: { name: 'kkoopa', email: 'bbyholm@abo.fi' },
509 silly install resolved     dist:
509 silly install resolved      { shasum: '64dd83c9704a83648b6c72b401f6384bd94ef16f',
509 silly install resolved        tarball: 'https://registry.npmjs.org/nan/-/nan-2.3.3.tgz' },
509 silly install resolved     maintainers: [ [Object], [Object] ],
509 silly install resolved     _npmOperationalInternal:
509 silly install resolved      { host: 'packages-16-east.internal.npmjs.com',
509 silly install resolved        tmp: 'tmp/nan-2.3.3.tgz_1462313618725_0.044748055282980204' },
509 silly install resolved     directories: {},
509 silly install resolved     readme: 'ERROR: No README data found!' } ]
510 info install nan@2.3.3 into /Users/lijie/GAME/basketball/node_modules/qrcode/node_modules/canvas
511 info installOne nan@2.3.3
512 verbose installOne of nan to /Users/lijie/GAME/basketball/node_modules/qrcode/node_modules/canvas not in flight; installing
513 verbose lock using /Users/lijie/.npm/_locks/nan-e4670f51188c044f.lock for /Users/lijie/GAME/basketball/node_modules/qrcode/node_modules/canvas/node_modules/nan
514 silly install write writing nan 2.3.3 to /Users/lijie/GAME/basketball/node_modules/qrcode/node_modules/canvas/node_modules/nan
515 verbose unbuild node_modules/qrcode/node_modules/canvas/node_modules/nan
516 silly gentlyRm /Users/lijie/GAME/basketball/node_modules/qrcode/node_modules/canvas/node_modules/nan is being purged from base /Users/lijie/GAME/basketball
517 verbose gentlyRm don't care about contents; nuking /Users/lijie/GAME/basketball/node_modules/qrcode/node_modules/canvas/node_modules/nan
518 verbose tar unpack /Users/lijie/.npm/nan/2.3.3/package.tgz
519 verbose tar unpacking to /Users/lijie/GAME/basketball/node_modules/qrcode/node_modules/canvas/node_modules/nan
520 silly gentlyRm /Users/lijie/GAME/basketball/node_modules/qrcode/node_modules/canvas/node_modules/nan is being purged
521 verbose gentlyRm don't care about contents; nuking /Users/lijie/GAME/basketball/node_modules/qrcode/node_modules/canvas/node_modules/nan
522 silly gunzTarPerm modes [ '755', '644' ]
523 silly gunzTarPerm extractEntry package.json
524 silly gunzTarPerm modified mode [ 'package.json', 436, 420 ]
525 silly gunzTarPerm extractEntry README.md
526 silly gunzTarPerm modified mode [ 'README.md', 436, 420 ]
527 silly gunzTarPerm extractEntry include_dirs.js
528 silly gunzTarPerm modified mode [ 'include_dirs.js', 436, 420 ]
529 silly gunzTarPerm extractEntry nan_converters.h
530 silly gunzTarPerm modified mode [ 'nan_converters.h', 436, 420 ]
531 silly gunzTarPerm extractEntry LICENSE.md
532 silly gunzTarPerm modified mode [ 'LICENSE.md', 436, 420 ]
533 silly gunzTarPerm extractEntry doc/node_misc.md
534 silly gunzTarPerm modified mode [ 'doc/node_misc.md', 436, 420 ]
535 silly gunzTarPerm extractEntry doc/asyncworker.md
536 silly gunzTarPerm modified mode [ 'doc/asyncworker.md', 436, 420 ]
537 silly gunzTarPerm extractEntry doc/callback.md
538 silly gunzTarPerm modified mode [ 'doc/callback.md', 436, 420 ]
539 silly gunzTarPerm extractEntry doc/converters.md
540 silly gunzTarPerm modified mode [ 'doc/converters.md', 436, 420 ]
541 silly gunzTarPerm extractEntry doc/errors.md
542 silly gunzTarPerm modified mode [ 'doc/errors.md', 436, 420 ]
543 silly gunzTarPerm extractEntry doc/maybe_types.md
544 silly gunzTarPerm modified mode [ 'doc/maybe_types.md', 436, 420 ]
545 silly gunzTarPerm extractEntry doc/methods.md
546 silly gunzTarPerm modified mode [ 'doc/methods.md', 436, 420 ]
547 silly gunzTarPerm extractEntry doc/new.md
548 silly gunzTarPerm modified mode [ 'doc/new.md', 436, 420 ]
549 silly gunzTarPerm extractEntry doc/buffers.md
550 silly gunzTarPerm modified mode [ 'doc/buffers.md', 436, 420 ]
551 silly gunzTarPerm extractEntry doc/object_wrappers.md
552 silly gunzTarPerm modified mode [ 'doc/object_wrappers.md', 436, 420 ]
553 silly gunzTarPerm extractEntry doc/persistent.md
554 silly gunzTarPerm modified mode [ 'doc/persistent.md', 436, 420 ]
555 silly gunzTarPerm extractEntry doc/scopes.md
556 silly gunzTarPerm modified mode [ 'doc/scopes.md', 436, 420 ]
557 silly gunzTarPerm extractEntry doc/script.md
558 silly gunzTarPerm modified mode [ 'doc/script.md', 436, 420 ]
559 silly gunzTarPerm extractEntry doc/string_bytes.md
560 silly gunzTarPerm modified mode [ 'doc/string_bytes.md', 436, 420 ]
561 silly gunzTarPerm extractEntry doc/v8_internals.md
562 silly gunzTarPerm modified mode [ 'doc/v8_internals.md', 436, 420 ]
563 silly gunzTarPerm extractEntry doc/v8_misc.md
564 silly gunzTarPerm modified mode [ 'doc/v8_misc.md', 436, 420 ]
565 silly gunzTarPerm extractEntry nan.h
566 silly gunzTarPerm modified mode [ 'nan.h', 436, 420 ]
567 silly gunzTarPerm extractEntry nan_callbacks.h
568 silly gunzTarPerm modified mode [ 'nan_callbacks.h', 436, 420 ]
569 silly gunzTarPerm extractEntry nan_callbacks_12_inl.h
570 silly gunzTarPerm modified mode [ 'nan_callbacks_12_inl.h', 436, 420 ]
571 silly gunzTarPerm extractEntry nan_callbacks_pre_12_inl.h
572 silly gunzTarPerm modified mode [ 'nan_callbacks_pre_12_inl.h', 436, 420 ]
573 silly gunzTarPerm extractEntry nan_converters_43_inl.h
574 silly gunzTarPerm modified mode [ 'nan_converters_43_inl.h', 436, 420 ]
575 silly gunzTarPerm extractEntry nan_converters_pre_43_inl.h
576 silly gunzTarPerm modified mode [ 'nan_converters_pre_43_inl.h', 436, 420 ]
577 silly gunzTarPerm extractEntry nan_implementation_12_inl.h
578 silly gunzTarPerm modified mode [ 'nan_implementation_12_inl.h', 436, 420 ]
579 silly gunzTarPerm extractEntry nan_implementation_pre_12_inl.h
580 silly gunzTarPerm modified mode [ 'nan_implementation_pre_12_inl.h', 436, 420 ]
581 silly gunzTarPerm extractEntry nan_maybe_43_inl.h
582 silly gunzTarPerm modified mode [ 'nan_maybe_43_inl.h', 436, 420 ]
583 silly gunzTarPerm extractEntry nan_maybe_pre_43_inl.h
584 silly gunzTarPerm modified mode [ 'nan_maybe_pre_43_inl.h', 436, 420 ]
585 silly gunzTarPerm extractEntry nan_new.h
586 silly gunzTarPerm modified mode [ 'nan_new.h', 436, 420 ]
587 silly gunzTarPerm extractEntry nan_object_wrap.h
588 silly gunzTarPerm modified mode [ 'nan_object_wrap.h', 436, 420 ]
589 silly gunzTarPerm extractEntry nan_persistent_12_inl.h
590 silly gunzTarPerm modified mode [ 'nan_persistent_12_inl.h', 436, 420 ]
591 silly gunzTarPerm extractEntry nan_persistent_pre_12_inl.h
592 silly gunzTarPerm modified mode [ 'nan_persistent_pre_12_inl.h', 436, 420 ]
593 silly gunzTarPerm extractEntry nan_string_bytes.h
594 silly gunzTarPerm modified mode [ 'nan_string_bytes.h', 436, 420 ]
595 silly gunzTarPerm extractEntry nan_typedarray_contents.h
596 silly gunzTarPerm modified mode [ 'nan_typedarray_contents.h', 436, 420 ]
597 silly gunzTarPerm extractEntry nan_weak.h
598 silly gunzTarPerm modified mode [ 'nan_weak.h', 436, 420 ]
599 silly gunzTarPerm extractEntry CHANGELOG.md
600 silly gunzTarPerm modified mode [ 'CHANGELOG.md', 436, 420 ]
601 silly gunzTarPerm extractEntry tools/package.json
602 silly gunzTarPerm modified mode [ 'tools/package.json', 436, 420 ]
603 silly gunzTarPerm extractEntry tools/README.md
604 silly gunzTarPerm modified mode [ 'tools/README.md', 436, 420 ]
605 silly gunzTarPerm extractEntry tools/1to2.js
606 silly gunzTarPerm modified mode [ 'tools/1to2.js', 509, 493 ]
607 verbose write writing to /Users/lijie/GAME/basketball/node_modules/qrcode/node_modules/canvas/node_modules/nan/package.json
608 info preinstall nan@2.3.3
609 verbose readDependencies loading dependencies from /Users/lijie/GAME/basketball/node_modules/qrcode/node_modules/canvas/node_modules/nan/package.json
610 verbose readDependencies loading dependencies from /Users/lijie/GAME/basketball/node_modules/qrcode/node_modules/canvas/node_modules/nan/package.json
611 silly install resolved []
612 verbose about to build /Users/lijie/GAME/basketball/node_modules/qrcode/node_modules/canvas/node_modules/nan
613 info build /Users/lijie/GAME/basketball/node_modules/qrcode/node_modules/canvas/node_modules/nan
614 info linkStuff nan@2.3.3
615 silly linkStuff nan@2.3.3 has /Users/lijie/GAME/basketball/node_modules/qrcode/node_modules/canvas/node_modules as its parent node_modules
616 verbose linkBins nan@2.3.3
617 verbose linkMans nan@2.3.3
618 verbose rebuildBundles nan@2.3.3
619 info install nan@2.3.3
620 info postinstall nan@2.3.3
621 verbose unlock done using /Users/lijie/.npm/_locks/nan-e4670f51188c044f.lock for /Users/lijie/GAME/basketball/node_modules/qrcode/node_modules/canvas/node_modules/nan
622 verbose about to build /Users/lijie/GAME/basketball/node_modules/qrcode/node_modules/canvas
623 info build /Users/lijie/GAME/basketball/node_modules/qrcode/node_modules/canvas
624 info linkStuff canvas@1.3.15
625 silly linkStuff canvas@1.3.15 has /Users/lijie/GAME/basketball/node_modules/qrcode/node_modules as its parent node_modules
626 verbose linkBins canvas@1.3.15
627 verbose linkMans canvas@1.3.15
628 verbose rebuildBundles canvas@1.3.15
629 verbose rebuildBundles [ 'nan' ]
630 info install canvas@1.3.15
631 verbose unsafe-perm in lifecycle true
632 http fetch 200 https://registry.npmjs.org/base64-js/-/base64-js-0.0.2.tgz
633 http fetch 200 https://registry.npmjs.org/to-utf8/-/to-utf8-0.0.1.tgz
634 silly fetchAndShaCheck shasum 024f0f72afa25b75f9c0ee73cd4f55ec1bed9784
635 silly fetchAndShaCheck shasum d17aea72ff2fba39b9e43601be7b3ff72e089852
636 verbose addTmpTarball /var/folders/98/q252mwkj0pxcqc3x1s7r3q0w0000gn/T/npm-4465-c6115ed5/registry.npmjs.org/base64-js/-/base64-js-0.0.2.tgz not in flight; adding
637 verbose addTmpTarball already have metadata; skipping unpack for base64-js@0.0.2
638 verbose addTmpTarball /var/folders/98/q252mwkj0pxcqc3x1s7r3q0w0000gn/T/npm-4465-c6115ed5/registry.npmjs.org/to-utf8/-/to-utf8-0.0.1.tgz not in flight; adding
639 verbose addTmpTarball already have metadata; skipping unpack for to-utf8@0.0.1
640 silly cache afterAdd base64-js@0.0.2
641 verbose afterAdd /Users/lijie/.npm/base64-js/0.0.2/package/package.json not in flight; writing
642 silly cache afterAdd to-utf8@0.0.1
643 verbose afterAdd /Users/lijie/.npm/to-utf8/0.0.1/package/package.json not in flight; writing
644 verbose afterAdd /Users/lijie/.npm/base64-js/0.0.2/package/package.json written
645 verbose afterAdd /Users/lijie/.npm/to-utf8/0.0.1/package/package.json written
646 silly install resolved [ { author:
646 silly install resolved      { name: 'T. Jameson Little',
646 silly install resolved        email: 't.jameson.little@gmail.com' },
646 silly install resolved     name: 'base64-js',
646 silly install resolved     description: 'Base64 encoding/decoding in pure JS',
646 silly install resolved     version: '0.0.2',
646 silly install resolved     repository:
646 silly install resolved      { type: 'git',
646 silly install resolved        url: 'git://github.com/beatgammit/deflate-js.git' },
646 silly install resolved     main: 'lib/b64.js',
646 silly install resolved     scripts: { test: 'cd test; node runner.js; cd -' },
646 silly install resolved     engines: { node: '>= 0.4' },
646 silly install resolved     dependencies: {},
646 silly install resolved     devDependencies: {},
646 silly install resolved     _npmUser: { name: 'beatgammit', email: 't.jameson.little@gmail.com' },
646 silly install resolved     _id: 'base64-js@0.0.2',
646 silly install resolved     _engineSupported: true,
646 silly install resolved     _npmVersion: '1.0.106',
646 silly install resolved     _nodeVersion: 'v0.6.2',
646 silly install resolved     _defaultsLoaded: true,
646 silly install resolved     dist:
646 silly install resolved      { shasum: '024f0f72afa25b75f9c0ee73cd4f55ec1bed9784',
646 silly install resolved        tarball: 'https://registry.npmjs.org/base64-js/-/base64-js-0.0.2.tgz' },
646 silly install resolved     maintainers: [ [Object] ],
646 silly install resolved     directories: {},
646 silly install resolved     _shasum: '024f0f72afa25b75f9c0ee73cd4f55ec1bed9784',
646 silly install resolved     _resolved: 'https://registry.npmjs.org/base64-js/-/base64-js-0.0.2.tgz',
646 silly install resolved     _from: 'base64-js@0.0.2' },
646 silly install resolved   { name: 'to-utf8',
646 silly install resolved     version: '0.0.1',
646 silly install resolved     description: 'single-function form of node\'s Buffer.toString(utf8)',
646 silly install resolved     main: 'index.js',
646 silly install resolved     scripts: { test: 'node test.js' },
646 silly install resolved     repository:
646 silly install resolved      { type: 'git',
646 silly install resolved        url: 'git://github.com/chrisdickinson/to-utf8.git' },
646 silly install resolved     keywords: [ 'utf8', 'buffer' ],
646 silly install resolved     author: { name: 'Chris Dickinson', email: 'chris@neversaw.us' },
646 silly install resolved     license: 'MIT',
646 silly install resolved     devDependencies: { tape: '~0.2.2' },
646 silly install resolved     _id: 'to-utf8@0.0.1',
646 silly install resolved     dist:
646 silly install resolved      { shasum: 'd17aea72ff2fba39b9e43601be7b3ff72e089852',
646 silly install resolved        tarball: 'https://registry.npmjs.org/to-utf8/-/to-utf8-0.0.1.tgz' },
646 silly install resolved     _npmVersion: '1.1.69',
646 silly install resolved     _npmUser: { name: 'chrisdickinson', email: 'chris@neversaw.us' },
646 silly install resolved     maintainers: [ [Object] ],
646 silly install resolved     directories: {},
646 silly install resolved     _shasum: 'd17aea72ff2fba39b9e43601be7b3ff72e089852',
646 silly install resolved     _resolved: 'https://registry.npmjs.org/to-utf8/-/to-utf8-0.0.1.tgz',
646 silly install resolved     _from: 'to-utf8@0.0.1' } ]
647 info install base64-js@0.0.2 into /Users/lijie/GAME/basketball/node_modules/qrcode/node_modules/bops
648 info install to-utf8@0.0.1 into /Users/lijie/GAME/basketball/node_modules/qrcode/node_modules/bops
649 info installOne base64-js@0.0.2
650 verbose installOne of base64-js to /Users/lijie/GAME/basketball/node_modules/qrcode/node_modules/bops not in flight; installing
651 info installOne to-utf8@0.0.1
652 verbose installOne of to-utf8 to /Users/lijie/GAME/basketball/node_modules/qrcode/node_modules/bops not in flight; installing
653 verbose lock using /Users/lijie/.npm/_locks/base64-js-d048206d4ad8b71b.lock for /Users/lijie/GAME/basketball/node_modules/qrcode/node_modules/bops/node_modules/base64-js
654 silly install write writing base64-js 0.0.2 to /Users/lijie/GAME/basketball/node_modules/qrcode/node_modules/bops/node_modules/base64-js
655 verbose lock using /Users/lijie/.npm/_locks/to-utf8-85559ce37e80e52a.lock for /Users/lijie/GAME/basketball/node_modules/qrcode/node_modules/bops/node_modules/to-utf8
656 silly install write writing to-utf8 0.0.1 to /Users/lijie/GAME/basketball/node_modules/qrcode/node_modules/bops/node_modules/to-utf8
657 verbose unbuild node_modules/qrcode/node_modules/bops/node_modules/base64-js
658 verbose unbuild node_modules/qrcode/node_modules/bops/node_modules/to-utf8
659 silly gentlyRm /Users/lijie/GAME/basketball/node_modules/qrcode/node_modules/bops/node_modules/base64-js is being purged from base /Users/lijie/GAME/basketball
660 verbose gentlyRm don't care about contents; nuking /Users/lijie/GAME/basketball/node_modules/qrcode/node_modules/bops/node_modules/base64-js
661 verbose tar unpack /Users/lijie/.npm/base64-js/0.0.2/package.tgz
662 verbose tar unpacking to /Users/lijie/GAME/basketball/node_modules/qrcode/node_modules/bops/node_modules/base64-js
663 silly gentlyRm /Users/lijie/GAME/basketball/node_modules/qrcode/node_modules/bops/node_modules/base64-js is being purged
664 verbose gentlyRm don't care about contents; nuking /Users/lijie/GAME/basketball/node_modules/qrcode/node_modules/bops/node_modules/base64-js
665 silly gentlyRm /Users/lijie/GAME/basketball/node_modules/qrcode/node_modules/bops/node_modules/to-utf8 is being purged from base /Users/lijie/GAME/basketball
666 verbose gentlyRm don't care about contents; nuking /Users/lijie/GAME/basketball/node_modules/qrcode/node_modules/bops/node_modules/to-utf8
667 silly gunzTarPerm modes [ '755', '644' ]
668 verbose tar unpack /Users/lijie/.npm/to-utf8/0.0.1/package.tgz
669 verbose tar unpacking to /Users/lijie/GAME/basketball/node_modules/qrcode/node_modules/bops/node_modules/to-utf8
670 silly gentlyRm /Users/lijie/GAME/basketball/node_modules/qrcode/node_modules/bops/node_modules/to-utf8 is being purged
671 verbose gentlyRm don't care about contents; nuking /Users/lijie/GAME/basketball/node_modules/qrcode/node_modules/bops/node_modules/to-utf8
672 silly gunzTarPerm modes [ '755', '644' ]
673 silly gunzTarPerm extractEntry package.json
674 silly gunzTarPerm extractEntry package.json
675 silly gunzTarPerm extractEntry README.md
676 silly gunzTarPerm extractEntry lib/b64.js
677 silly gunzTarPerm extractEntry README.md
678 silly gunzTarPerm extractEntry index.js
679 silly gunzTarPerm extractEntry test/runner.js
680 silly gunzTarPerm extractEntry test.js
681 verbose write writing to /Users/lijie/GAME/basketball/node_modules/qrcode/node_modules/bops/node_modules/to-utf8/package.json
682 verbose write writing to /Users/lijie/GAME/basketball/node_modules/qrcode/node_modules/bops/node_modules/base64-js/package.json
683 info preinstall to-utf8@0.0.1
684 info preinstall base64-js@0.0.2
685 verbose readDependencies loading dependencies from /Users/lijie/GAME/basketball/node_modules/qrcode/node_modules/bops/node_modules/to-utf8/package.json
686 verbose readDependencies loading dependencies from /Users/lijie/GAME/basketball/node_modules/qrcode/node_modules/bops/node_modules/base64-js/package.json
687 verbose readDependencies loading dependencies from /Users/lijie/GAME/basketball/node_modules/qrcode/node_modules/bops/node_modules/to-utf8/package.json
688 verbose readDependencies loading dependencies from /Users/lijie/GAME/basketball/node_modules/qrcode/node_modules/bops/node_modules/base64-js/package.json
689 silly install resolved []
690 verbose about to build /Users/lijie/GAME/basketball/node_modules/qrcode/node_modules/bops/node_modules/to-utf8
691 info build /Users/lijie/GAME/basketball/node_modules/qrcode/node_modules/bops/node_modules/to-utf8
692 silly install resolved []
693 verbose about to build /Users/lijie/GAME/basketball/node_modules/qrcode/node_modules/bops/node_modules/base64-js
694 info build /Users/lijie/GAME/basketball/node_modules/qrcode/node_modules/bops/node_modules/base64-js
695 info linkStuff to-utf8@0.0.1
696 silly linkStuff to-utf8@0.0.1 has /Users/lijie/GAME/basketball/node_modules/qrcode/node_modules/bops/node_modules as its parent node_modules
697 info linkStuff base64-js@0.0.2
698 silly linkStuff base64-js@0.0.2 has /Users/lijie/GAME/basketball/node_modules/qrcode/node_modules/bops/node_modules as its parent node_modules
699 verbose linkBins to-utf8@0.0.1
700 verbose linkMans to-utf8@0.0.1
701 verbose rebuildBundles to-utf8@0.0.1
702 info install to-utf8@0.0.1
703 verbose linkBins base64-js@0.0.2
704 verbose linkMans base64-js@0.0.2
705 verbose rebuildBundles base64-js@0.0.2
706 info install base64-js@0.0.2
707 info postinstall to-utf8@0.0.1
708 info postinstall base64-js@0.0.2
709 verbose unlock done using /Users/lijie/.npm/_locks/to-utf8-85559ce37e80e52a.lock for /Users/lijie/GAME/basketball/node_modules/qrcode/node_modules/bops/node_modules/to-utf8
710 verbose unlock done using /Users/lijie/.npm/_locks/base64-js-d048206d4ad8b71b.lock for /Users/lijie/GAME/basketball/node_modules/qrcode/node_modules/bops/node_modules/base64-js
711 verbose about to build /Users/lijie/GAME/basketball/node_modules/qrcode/node_modules/bops
712 info build /Users/lijie/GAME/basketball/node_modules/qrcode/node_modules/bops
713 info linkStuff bops@0.0.6
714 silly linkStuff bops@0.0.6 has /Users/lijie/GAME/basketball/node_modules/qrcode/node_modules as its parent node_modules
715 verbose linkBins bops@0.0.6
716 verbose linkMans bops@0.0.6
717 verbose rebuildBundles bops@0.0.6
718 verbose rebuildBundles [ 'base64-js', 'to-utf8' ]
719 info install bops@0.0.6
720 info postinstall bops@0.0.6
721 verbose unlock done using /Users/lijie/.npm/_locks/bops-a6f296a2e893df83.lock for /Users/lijie/GAME/basketball/node_modules/qrcode/node_modules/bops
722 info canvas@1.3.15 Failed to exec install script
723 verbose unlock done using /Users/lijie/.npm/_locks/canvas-4825b9e928e1d81b.lock for /Users/lijie/GAME/basketball/node_modules/qrcode/node_modules/canvas
724 verbose about to build /Users/lijie/GAME/basketball/node_modules/qrcode
725 verbose unlock done using /Users/lijie/.npm/_locks/qrcode-c6adfa223b83abde.lock for /Users/lijie/GAME/basketball/node_modules/qrcode
726 verbose stack Error: canvas@1.3.15 install: `node-gyp rebuild`
726 verbose stack Exit status 1
726 verbose stack     at EventEmitter.<anonymous> (/usr/local/lib/node_modules/npm/lib/utils/lifecycle.js:214:16)
726 verbose stack     at emitTwo (events.js:87:13)
726 verbose stack     at EventEmitter.emit (events.js:172:7)
726 verbose stack     at ChildProcess.<anonymous> (/usr/local/lib/node_modules/npm/lib/utils/spawn.js:24:14)
726 verbose stack     at emitTwo (events.js:87:13)
726 verbose stack     at ChildProcess.emit (events.js:172:7)
726 verbose stack     at maybeClose (internal/child_process.js:818:16)
726 verbose stack     at Process.ChildProcess._handle.onexit (internal/child_process.js:211:5)
727 verbose pkgid canvas@1.3.15
728 verbose cwd /Users/lijie/GAME/basketball
729 error Darwin 15.4.0
730 error argv "/usr/local/bin/node" "/usr/local/bin/npm" "install"
731 error node v4.2.4
732 error npm  v2.14.12
733 error code ELIFECYCLE
734 error canvas@1.3.15 install: `node-gyp rebuild`
734 error Exit status 1
735 error Failed at the canvas@1.3.15 install script 'node-gyp rebuild'.
735 error This is most likely a problem with the canvas package,
735 error not with npm itself.
735 error Tell the author that this fails on your system:
735 error     node-gyp rebuild
735 error You can get their info via:
735 error     npm owner ls canvas
735 error There is likely additional logging output above.
736 verbose exit [ 1, true ]
737 verbose unbuild node_modules/qrcode/node_modules/canvas
738 info preuninstall canvas@1.3.15
739 info uninstall canvas@1.3.15
740 verbose unbuild rmStuff canvas@1.3.15 from /Users/lijie/GAME/basketball/node_modules
741 verbose unbuild rmStuff in /Users/lijie/GAME/basketball/node_modules/qrcode/node_modules
742 info postuninstall canvas@1.3.15
743 silly gentlyRm /Users/lijie/GAME/basketball/node_modules/qrcode/node_modules/canvas is being purged from base /Users/lijie/GAME/basketball
744 verbose gentlyRm don't care about contents; nuking /Users/lijie/GAME/basketball/node_modules/qrcode/node_modules/canvas
745 silly vacuum-fs purging /Users/lijie/GAME/basketball/node_modules/qrcode/node_modules/canvas
746 silly vacuum-fs quitting because other entries in /Users/lijie/GAME/basketball/node_modules/qrcode/node_modules
747 verbose unbuild node_modules/qrcode
748 info preuninstall qrcode@0.4.2
749 info uninstall qrcode@0.4.2
750 verbose unbuild rmStuff qrcode@0.4.2 from /Users/lijie/GAME/basketball/node_modules
751 silly gentlyRm /Users/lijie/GAME/basketball/node_modules/.bin/qrcode is being gently removed
752 silly gentlyRm verifying /Users/lijie/GAME/basketball is an npm working directory
753 silly gentlyRm containing path /Users/lijie/GAME/basketball is under npm's control, in /Users/lijie/GAME/basketball
754 silly gentlyRm deletion target /Users/lijie/GAME/basketball/node_modules/.bin/qrcode is under /Users/lijie/GAME/basketball
755 verbose gentlyRm vacuuming from /Users/lijie/GAME/basketball/node_modules/.bin/qrcode up to /Users/lijie/GAME/basketball
756 info postuninstall qrcode@0.4.2
757 silly gentlyRm /Users/lijie/GAME/basketball/node_modules/qrcode is being purged from base /Users/lijie/GAME/basketball
758 verbose gentlyRm don't care about contents; nuking /Users/lijie/GAME/basketball/node_modules/qrcode
759 silly vacuum-fs purging /Users/lijie/GAME/basketball/node_modules/qrcode
760 silly vacuum-fs quitting because other entries in /Users/lijie/GAME/basketball/node_modules
